<?xml version="1.0" ?>
<testsuites disabled="0" errors="0" failures="38" tests="125" time="1446.063137292862">
	<testsuite disabled="0" errors="0" failures="38" name="TestHarness" skipped="0" tests="125" time="1446.063137292862">
		<testcase name="Thermal_robin_BCs" time="1.634142" classname="short.Thermal_robin_BCs"/>
		<testcase name="Assert final temp" classname="short.Thermal_robin_BCs">
			<system-out>Thermal_robin_BCs: success.
</system-out>
		</testcase>
		<testcase name="Assert final min" classname="short.Thermal_robin_BCs">
			<system-out>Thermal_robin_BCs: success.
</system-out>
		</testcase>
		<testcase name="BL_fast_pressure_boundaries" time="16.235566" classname="short.BL_fast_pressure_boundaries"/>
		<testcase name="BL_fast_pressure_boundaries" classname="short.BL_fast_pressure_boundaries">
			<failure type="failure" message="Failure"/>
			<system-out>BL_fast_pressure_boundaries: failure.
</system-out>
		</testcase>
		<testcase name="Visc_fingering" time="4.524457" classname="short.Visc_fingering"/>
		<testcase name="Assert final max viscosity" classname="short.Visc_fingering">
			<system-out>Visc_fingering: success.
</system-out>
		</testcase>
		<testcase name="Assert final min viscosity" classname="short.Visc_fingering">
			<system-out>Visc_fingering: success.
</system-out>
		</testcase>
		<testcase name="Porous_media_general" time="4.927699" classname="short.Porous_media_general_test"/>
		<testcase name="Assert final max sat 1" classname="short.Porous_media_general_test">
			<system-out>Porous_media_general_test: success.
</system-out>
		</testcase>
		<testcase name="Assert integral saturation 1" classname="short.Porous_media_general_test">
			<system-out>Porous_media_general_test: success.
</system-out>
		</testcase>
		<testcase name="Assert density is introduced" classname="short.Porous_media_general_test">
			<system-out>Porous_media_general_test: success.
</system-out>
		</testcase>
		<testcase name="BL_with_hydrostatic_gravity" time="92.369977" classname="short.BL_with_hydrostatic_gravity"/>
		<testcase name="BL_with_hydrostatic_gravity" classname="short.BL_with_hydrostatic_gravity">
			<failure type="failure" message="Failure"/>
			<system-out>BL_with_hydrostatic_gravity: failure.
</system-out>
		</testcase>
		<testcase name="Active_tracers" time="0.985042" classname="short.Active_tracers"/>
		<testcase name="Assert final max tracer 1" classname="short.Active_tracers">
			<system-out>Active_tracers: success.
</system-out>
		</testcase>
		<testcase name="Assert final max tracer 2" classname="short.Active_tracers">
			<system-out>Active_tracers: success.
</system-out>
		</testcase>
		<testcase name="Assert final integral tracer 1" classname="short.Active_tracers">
			<system-out>Active_tracers: success.
</system-out>
		</testcase>
		<testcase name="Thermal_analytical_validation" time="1.572540" classname="short.Thermal_analytical_validation"/>
		<testcase name="Thermal_analytical_validation" classname="short.Thermal_analytical_validation">
			<failure type="failure" message="Failure"/>
			<system-out>Thermal_analytical_validation: failure.
</system-out>
		</testcase>
		<testcase name="stokes_test_petsc_solver" time="1.799283" classname="short.stokes_test"/>
		<testcase name="stokes_test_petsc_solver" classname="short.stokes_test">
			<failure type="failure" message="Failure"/>
			<system-out>stokes_test: failure.
</system-out>
		</testcase>
		<testcase name="Porous_media_general" time="0.967235" classname="short.Thermal_heat_exchanger"/>
		<testcase name="Assert final max temperature" classname="short.Thermal_heat_exchanger">
			<system-out>Thermal_heat_exchanger: success.
</system-out>
		</testcase>
		<testcase name="Assert final min temperature" classname="short.Thermal_heat_exchanger">
			<failure type="failure" message="Failure"/>
			<system-out>Thermal_heat_exchanger: failure.
</system-out>
		</testcase>
		<testcase name="Grav_cap_competing_fast" time="12.625773" classname="short.Grav_cap_competing_fast"/>
		<testcase name="Grav_cap_competing_fast" classname="short.Grav_cap_competing_fast">
			<failure type="failure" message="Failure"/>
			<system-out>Grav_cap_competing_fast: failure.
</system-out>
		</testcase>
		<testcase name="Check_monotonicity" time="6.529281" classname="short.BL_solute_monotonicity_test"/>
		<testcase name="BL__solute_monotonicity_test" classname="short.BL_solute_monotonicity_test">
			<failure type="failure" message="Failure"/>
			<system-out>BL_solute_monotonicity_test: failure.
</system-out>
		</testcase>
		<testcase name="Thin wedge" time="0.705958" classname="short.Thin_wedge"/>
		<testcase name="Assert final max sat 1" classname="short.Thin_wedge">
			<failure type="failure" message="Failure"/>
			<system-out>Thin_wedge: failure.
</system-out>
		</testcase>
		<testcase name="Assert outlet pressure boundary condition" classname="short.Thin_wedge">
			<failure type="failure" message="Failure"/>
			<system-out>Thin_wedge: failure.
</system-out>
		</testcase>
		<testcase name="Assert inlet pressure boundary condition" classname="short.Thin_wedge">
			<failure type="failure" message="Failure"/>
			<system-out>Thin_wedge: failure.
</system-out>
		</testcase>
		<testcase name="2D_Henry_Saline_Intrusion_boussinesq" time="38.175486" classname="short.2D_Henry_Saline_Intrusion_boussinesq"/>
		<testcase name="2D_Henry_Saline_Intrusion_boussinesq" classname="short.2D_Henry_Saline_Intrusion_boussinesq">
			<failure type="failure" message="Failure"/>
			<system-out>2D_Henry_Saline_Intrusion_boussinesq: failure.
</system-out>
		</testcase>
		<testcase name="Tunneled_Bcs" time="6.363105" classname="short.tunneled_BCs"/>
		<testcase name="Assert final max conc" classname="short.tunneled_BCs">
			<system-out>tunneled_BCs: success.
</system-out>
		</testcase>
		<testcase name="Assert final int conc" classname="short.tunneled_BCs">
			<system-out>tunneled_BCs: success.
</system-out>
		</testcase>
		<testcase name="SP_EK_test" time="2.049295" classname="short.SP_ThermoElectric_test"/>
		<testcase name="Assert final min Self Potential" classname="short.SP_ThermoElectric_test">
			<system-out>SP_ThermoElectric_test: success.
</system-out>
		</testcase>
		<testcase name="Assert final max Self Potential" classname="short.SP_ThermoElectric_test">
			<system-out>SP_ThermoElectric_test: success.
</system-out>
		</testcase>
		<testcase name="2D_Dispersive_Saline_Intrusion" time="35.433923" classname="short.2D_Dispersive_Saline_Intrusion"/>
		<testcase name="2D_Dispersive_Saline_Intrusion" classname="short.2D_Dispersive_Saline_Intrusion">
			<failure type="failure" message="Failure"/>
			<system-out>2D_Dispersive_Saline_Intrusion: failure.
</system-out>
		</testcase>
		<testcase name="BL_3D_P0DGP1" time="85.093250" classname="short.3D_BL_P0DGP1CV"/>
		<testcase name="BL_3D_P0DGP1" classname="short.3D_BL_P0DGP1CV">
			<failure type="failure" message="Failure"/>
			<system-out>3D_BL_P0DGP1CV: failure.
</system-out>
		</testcase>
		<testcase name="BL_CVgalerkin" time="11.736452" classname="short.BL_CVgalerkin"/>
		<testcase name="BL_CVgalerkin" classname="short.BL_CVgalerkin">
			<failure type="failure" message="Failure"/>
			<system-out>BL_CVgalerkin: failure.
</system-out>
		</testcase>
		<testcase name="multiphase_wells" time="34.889304" classname="short.multiphase_wells"/>
		<testcase name="multiphase_wells" classname="short.multiphase_wells">
			<system-out>multiphase_wells: success.
</system-out>
		</testcase>
		<testcase name="SP_EK_test" time="1.319989" classname="short.SP_ElectroKinetic_test"/>
		<testcase name="SP_EK_test" classname="short.SP_ElectroKinetic_test">
			<failure type="failure" message="Failure"/>
			<system-out>SP_ElectroKinetic_test: failure.
</system-out>
		</testcase>
		<testcase name="Boussinesq_eos_with_tracers" time="0.688795" classname="short.Boussinesq_eos_with_tracers"/>
		<testcase name="Assert final max density" classname="short.Boussinesq_eos_with_tracers">
			<system-out>Boussinesq_eos_with_tracers: success.
</system-out>
		</testcase>
		<testcase name="Assert final min density" classname="short.Boussinesq_eos_with_tracers">
			<system-out>Boussinesq_eos_with_tracers: success.
</system-out>
		</testcase>
		<testcase name="Buckley-Leverett Checkpointing" time="1.433722" classname="short.BL_Checkpointing"/>
		<testcase name="Buckley-Leverett Checkpointing" classname="short.BL_Checkpointing">
			<failure type="failure" message="Failure"/>
		</testcase>
		<testcase name="2D_Henry_multiphase" time="119.767164" classname="short.2D_Henry_multiphase"/>
		<testcase name="Assert final max sat 1" classname="short.2D_Henry_multiphase">
			<system-out>2D_Henry_multiphase: success.
</system-out>
		</testcase>
		<testcase name="Assert final max sat 2" classname="short.2D_Henry_multiphase">
			<system-out>2D_Henry_multiphase: success.
</system-out>
		</testcase>
		<testcase name="Assert integral concentration in water" classname="short.2D_Henry_multiphase">
			<failure type="failure" message="Failure"/>
			<system-out>2D_Henry_multiphase: failure.
</system-out>
		</testcase>
		<testcase name="Drainage_test" time="10.855215" classname="short.Drainage_test"/>
		<testcase name="Assert final max sat" classname="short.Drainage_test">
			<system-out>Drainage_test: success.
</system-out>
		</testcase>
		<testcase name="Assert final min sar" classname="short.Drainage_test">
			<failure type="failure" message="Failure"/>
			<system-out>Drainage_test: failure.
</system-out>
		</testcase>
		<testcase name="porous_density_compressible" time="0.482605" classname="short.porous_density_compressible"/>
		<testcase name="porous_density_compressible" classname="short.porous_density_compressible">
			<failure type="failure" message="Failure"/>
		</testcase>
		<testcase name="Thermal_Neumann_BCs" time="5.643508" classname="short.Thermal_Neumann_BCs"/>
		<testcase name="Assert final temp" classname="short.Thermal_Neumann_BCs">
			<failure type="failure" message="Failure"/>
			<system-out>Thermal_Neumann_BCs: failure.
</system-out>
		</testcase>
		<testcase name="Assert final min" classname="short.Thermal_Neumann_BCs">
			<failure type="failure" message="Failure"/>
			<system-out>Thermal_Neumann_BCs: failure.
</system-out>
		</testcase>
		<testcase name="BL_fast_pressure_boundaries" time="2.293917" classname="short.BL_fast_pressure_boundaries_bubble"/>
		<testcase name="BL_fast_pressure_boundaries_bubble" classname="short.BL_fast_pressure_boundaries_bubble">
			<failure type="failure" message="Failure"/>
			<system-out>BL_fast_pressure_boundaries_bubble: failure.
</system-out>
		</testcase>
		<testcase name="Check_3DBL_fast" time="88.858625" classname="short.3D_BL_Fast_P0DGP1CV"/>
		<testcase name="Check_3DBL_fast" classname="short.3D_BL_Fast_P0DGP1CV">
			<failure type="failure" message="Failure"/>
			<system-out>3D_BL_Fast_P0DGP1CV: failure.
</system-out>
		</testcase>
		<testcase name="BL_fast_fluxes" time="14.908851" classname="short.BL_fast_fluxes"/>
		<testcase name="BL_fast_fluxes" classname="short.BL_fast_fluxes">
			<failure type="failure" message="Failure"/>
			<system-out>BL_fast_fluxes: failure.
</system-out>
		</testcase>
		<testcase name="BL_3D_Press_BCs" time="64.345474" classname="short.3D_BL"/>
		<testcase name="BL_3D_Press_BCs" classname="short.3D_BL">
			<failure type="failure" message="Failure"/>
			<system-out>3D_BL: failure.
</system-out>
		</testcase>
		<testcase name="Check_BL_with_gravity" time="49.696511" classname="short.BL_with_gravity"/>
		<testcase name="Check_BL_with_gravity" classname="short.BL_with_gravity">
			<failure type="failure" message="Failure"/>
			<system-out>BL_with_gravity: failure.
</system-out>
		</testcase>
		<testcase name="Porous_media_general" time="1.194824" classname="short.porous_compositional"/>
		<testcase name="Assert integral component 2" classname="short.porous_compositional">
			<system-out>porous_compositional: success.
</system-out>
		</testcase>
		<testcase name="Assert integral component 2" classname="short.porous_compositional">
			<system-out>porous_compositional: success.
</system-out>
		</testcase>
		<testcase name="BL_fast" time="4.675259" classname="short.BL_fast"/>
		<testcase name="BL_fast" classname="short.BL_fast">
			<failure type="failure" message="Failure"/>
			<system-out>BL_fast: failure.
</system-out>
		</testcase>
		<testcase name="3D_template_porous_case" time="51.511561" classname="short.3D_template_porous_case"/>
		<testcase name="Assert integral saturation 1" classname="short.3D_template_porous_case">
			<failure type="failure" message="Failure"/>
			<system-out>3D_template_porous_case: failure.
</system-out>
		</testcase>
		<testcase name="Thermal_wells_analytical" time="12.402444" classname="short.Thermal_wells_analytical"/>
		<testcase name="Thermal_wells_analytical" classname="short.Thermal_wells_analytical">
			<system-out>Thermal_wells_analytical: success.
</system-out>
		</testcase>
		<testcase name="Passive_tracers" time="0.886631" classname="short.Passive_tracers"/>
		<testcase name="Assert final max tracer 1" classname="short.Passive_tracers">
			<system-out>Passive_tracers: success.
</system-out>
		</testcase>
		<testcase name="Assert final max tracer 2" classname="short.Passive_tracers">
			<system-out>Passive_tracers: success.
</system-out>
		</testcase>
		<testcase name="Assert final integral tracer 1" classname="short.Passive_tracers">
			<system-out>Passive_tracers: success.
</system-out>
		</testcase>
		<testcase name="Dissolution_test" time="1.746190" classname="short.Dissolution_test"/>
		<testcase name="Assert final max concentration" classname="short.Dissolution_test">
			<system-out>Dissolution_test: success.
</system-out>
		</testcase>
		<testcase name="Assert final integral concentration" classname="short.Dissolution_test">
			<system-out>Dissolution_test: success.
</system-out>
		</testcase>
		<testcase name="Assert final integral Saturation CO2" classname="short.Dissolution_test">
			<system-out>Dissolution_test: success.
</system-out>
		</testcase>
		<testcase name="Porous_media_general" time="2.988465" classname="short.thermal_porous_compressible"/>
		<testcase name="Assert final max temperature" classname="short.thermal_porous_compressible">
			<system-out>thermal_porous_compressible: success.
</system-out>
		</testcase>
		<testcase name="Assert final min temperature" classname="short.thermal_porous_compressible">
			<failure type="failure" message="Failure"/>
			<system-out>thermal_porous_compressible: failure.
</system-out>
		</testcase>
		<testcase name="Assert final max density" classname="short.thermal_porous_compressible">
			<system-out>thermal_porous_compressible: success.
</system-out>
		</testcase>
		<testcase name="Assert final min density" classname="short.thermal_porous_compressible">
			<system-out>thermal_porous_compressible: success.
</system-out>
		</testcase>
		<testcase name="3D_Fractures" time="431.892309" classname="short.3D_Fractures"/>
		<testcase name="Assert final integral sat 1" classname="short.3D_Fractures">
			<system-out>3D_Fractures: success.
</system-out>
		</testcase>
		<testcase name="BL_C_CV_fast" time="7.090909" classname="short.BL_C_CV_fast"/>
		<testcase name="BL_C_CV_fast" classname="short.BL_C_CV_fast">
			<failure type="failure" message="Failure"/>
			<system-out>BL_C_CV_fast: failure.
</system-out>
		</testcase>
		<testcase name="Adapt_based_on_Courant_number" time="3.813584" classname="short.Adapt_based_on_Courant_number"/>
		<testcase name="Assert final dT to be correct" classname="short.Adapt_based_on_Courant_number">
			<failure type="failure" message="Failure"/>
			<system-out>Adapt_based_on_Courant_number: failure.
</system-out>
		</testcase>
		<testcase name="BL_fast_thicker" time="22.160473" classname="short.BL_fast_thicker"/>
		<testcase name="BL_fast_thicker" classname="short.BL_fast_thicker">
			<failure type="failure" message="Failure"/>
			<system-out>BL_fast_thicker: failure.
</system-out>
		</testcase>
		<testcase name="Thermal_analytical_validation_two_phases" time="1.949867" classname="short.Thermal_analytical_validation_two_phases"/>
		<testcase name="Thermal_analytical_validation_two_phases" classname="short.Thermal_analytical_validation_two_phases">
			<failure type="failure" message="Failure"/>
			<system-out>Thermal_analytical_validation_two_phases: failure.
</system-out>
		</testcase>
		<testcase name="Porous_media_general" time="38.453836" classname="short.Adapt_within_FPI"/>
		<testcase name="Assert final max sat 1" classname="short.Adapt_within_FPI">
			<failure type="failure" message="Failure"/>
			<system-out>Adapt_within_FPI: failure.
</system-out>
		</testcase>
		<testcase name="Assert integral saturation 1" classname="short.Adapt_within_FPI">
			<failure type="failure" message="Failure"/>
			<system-out>Adapt_within_FPI: failure.
</system-out>
		</testcase>
		<testcase name="SP_ED_test" time="2.947305" classname="short.SP_ElectroDiffusive_test"/>
		<testcase name="Assert final min Self Potential" classname="short.SP_ElectroDiffusive_test">
			<system-out>SP_ElectroDiffusive_test: success.
</system-out>
		</testcase>
		<testcase name="Assert final max Self Potential" classname="short.SP_ElectroDiffusive_test">
			<system-out>SP_ElectroDiffusive_test: success.
</system-out>
		</testcase>
		<testcase name="Thermal_boussinesq" time="46.986282" classname="short.Thermal_boussinesq"/>
		<testcase name="Assert final max temperature 1" classname="short.Thermal_boussinesq">
			<system-out>Thermal_boussinesq: success.
</system-out>
		</testcase>
		<testcase name="Assert integral temperature 1" classname="short.Thermal_boussinesq">
			<system-out>Thermal_boussinesq: success.
</system-out>
		</testcase>
		<testcase name="stokes_test" time="2.270177" classname="short.stokes_test"/>
		<testcase name="stokes_test" classname="short.stokes_test">
			<failure type="failure" message="Failure"/>
			<system-out>stokes_test: failure.
</system-out>
		</testcase>
		<testcase name="BL_fast" time="29.074631" classname="short.Three_phases"/>
		<testcase name="Three_phases" classname="short.Three_phases">
			<failure type="failure" message="Failure"/>
			<system-out>Three_phases: failure.
</system-out>
		</testcase>
		<testcase name="BL_fast" time="65.106241" classname="short.Anisotropic_permeability"/>
		<testcase name="BL_fast" classname="short.Anisotropic_permeability">
			<failure type="failure" message="Failure"/>
			<system-out>Anisotropic_permeability: failure.
</system-out>
		</testcase>
	</testsuite>
</testsuites>
